2017-02-24 14:15:47 [main] INFO com.log.Log - execute error:java.lang.IndexOutOfBoundsException: Index: 0, Size: 0
	at java.util.LinkedList.checkElementIndex(Unknown Source)
	at java.util.LinkedList.get(Unknown Source)
	at com.core.Printer.printbuff(Printer.java:154)
	at com.core.Printer.close(Printer.java:92)
	at com.core.FileSQL.print(FileSQL.java:128)
	at com.core.FileSQL.filter(FileSQL.java:89)
	at com.core.FileSQL.run(FileSQL.java:70)
	at com.core.SQLMain.execute(SQLMain.java:13)
	at com.shell.Console.run(Console.java:70)
	at com.shell.Console.execute(Console.java:54)
	at com.shell.Console.main(Console.java:138)

2017-02-24 14:17:34 [main] INFO com.log.Log - execute error:java.lang.IndexOutOfBoundsException: Index: 0, Size: 0
	at java.util.LinkedList.checkElementIndex(Unknown Source)
	at java.util.LinkedList.get(Unknown Source)
	at com.core.Printer.printbuff(Printer.java:154)
	at com.core.Printer.close(Printer.java:92)
	at com.core.FileSQL.print(FileSQL.java:128)
	at com.core.FileSQL.filter(FileSQL.java:89)
	at com.core.FileSQL.run(FileSQL.java:70)
	at com.core.SQLMain.execute(SQLMain.java:13)
	at com.shell.Console.run(Console.java:70)
	at com.shell.Console.history(Console.java:88)
	at com.shell.Console.run(Console.java:63)
	at com.shell.Console.execute(Console.java:54)
	at com.shell.Console.main(Console.java:138)

2017-02-24 14:17:55 [main] INFO com.log.Log - execute error:java.lang.IndexOutOfBoundsException: Index: 0, Size: 0
	at java.util.LinkedList.checkElementIndex(Unknown Source)
	at java.util.LinkedList.get(Unknown Source)
	at com.core.Printer.printbuff(Printer.java:154)
	at com.core.Printer.close(Printer.java:92)
	at com.core.FileSQL.print(FileSQL.java:128)
	at com.core.FileSQL.filter(FileSQL.java:89)
	at com.core.FileSQL.run(FileSQL.java:70)
	at com.core.SQLMain.execute(SQLMain.java:13)
	at com.shell.Console.run(Console.java:70)
	at com.shell.Console.history(Console.java:88)
	at com.shell.Console.run(Console.java:63)
	at com.shell.Console.execute(Console.java:54)
	at com.shell.Console.main(Console.java:138)

2017-02-24 14:18:10 [main] INFO com.log.Log - execute error:java.lang.IndexOutOfBoundsException: Index: 0, Size: 0
	at java.util.LinkedList.checkElementIndex(Unknown Source)
	at java.util.LinkedList.get(Unknown Source)
	at com.core.Printer.printbuff(Printer.java:154)
	at com.core.Printer.close(Printer.java:92)
	at com.core.FileSQL.print(FileSQL.java:128)
	at com.core.FileSQL.filter(FileSQL.java:89)
	at com.core.FileSQL.run(FileSQL.java:70)
	at com.core.SQLMain.execute(SQLMain.java:13)
	at com.shell.Console.run(Console.java:70)
	at com.shell.Console.history(Console.java:88)
	at com.shell.Console.run(Console.java:63)
	at com.shell.Console.execute(Console.java:54)
	at com.shell.Console.main(Console.java:138)

